<?xml version="1.0" encoding="UTF-8"?>
<!-- Generated by org.testng.reporters.JUnitXMLReporter -->
<testsuite hostname="Poorvishas-MacBook-Pro.local" name="branchAssignment" tests="4" failures="0" timestamp="23 Aug 2018 05:52:55 GMT" time="30.326" errors="0">
  <testcase name="employeesDepartmentMatchTest" time="0.004" classname="com.branch.Tests.TeamInfoTest"/>
  <testcase name="employeesImageMatchTest" time="0.001" classname="com.branch.Tests.TeamInfoTest"/>
  <testcase name="employeesNameMatchTest" time="0.003" classname="com.branch.Tests.TeamInfoTest"/>
  <testcase name="profileLinkMatchTest" time="0.002" classname="com.branch.Tests.TeamInfoTest"/>
</testsuite> <!-- branchAssignment -->
