<?xml version="1.0" encoding="UTF-8"?>
<!-- Generated by org.testng.reporters.JUnitXMLReporter -->
<testsuite hostname="Poorvishas-MacBook-Pro.local" name="BranchTeam" tests="7" failures="3" timestamp="23 Aug 2018 15:59:37 GMT" time="108.583" errors="0">
  <testcase name="employeesDepartmentMatchTest" time="0.005" classname="com.branch.Tests.TeamInfoTest"/>
  <testcase name="employeesImageMatchTest" time="0.002" classname="com.branch.Tests.TeamInfoTest"/>
  <testcase name="employeesNameMatchTest" time="0.001" classname="com.branch.Tests.TeamInfoTest"/>
  <testcase name="profileLinkMatchTest" time="0.002" classname="com.branch.Tests.TeamInfoTest"/>
  <testcase name="employeesCountTest" time="29.118" classname="com.branch.Tests.TeamMembersCountMatchTest">
    <failure type="java.lang.AssertionError" message="Team members count mismatch between All tabs and Sum of other tabs expected [131] but found [126]">
      <![CDATA[java.lang.AssertionError: Team members count mismatch between All tabs and Sum of other tabs expected [131] but found [126]
	at com.branch.Tests.TeamMembersCountMatchTest.employeesCountTest(TeamMembersCountMatchTest.java:30)
... Removed 28 stack frames]]>
    </failure>
  </testcase> <!-- employeesCountTest -->
  <testcase name="employeesCountTest" time="24.779" classname="com.branch.Tests.TeamMembersCountMatchTest">
    <failure type="java.lang.AssertionError" message="Team members count mismatch between All tabs and Sum of other tabs expected [131] but found [126]">
      <![CDATA[java.lang.AssertionError: Team members count mismatch between All tabs and Sum of other tabs expected [131] but found [126]
	at com.branch.Tests.TeamMembersCountMatchTest.employeesCountTest(TeamMembersCountMatchTest.java:30)
... Removed 28 stack frames]]>
    </failure>
  </testcase> <!-- employeesCountTest -->
  <testcase name="employeesCountTest" time="23.375" classname="com.branch.Tests.TeamMembersCountMatchTest">
    <failure type="java.lang.AssertionError" message="Team members count mismatch between All tabs and Sum of other tabs expected [131] but found [126]">
      <![CDATA[java.lang.AssertionError: Team members count mismatch between All tabs and Sum of other tabs expected [131] but found [126]
	at com.branch.Tests.TeamMembersCountMatchTest.employeesCountTest(TeamMembersCountMatchTest.java:30)
... Removed 28 stack frames]]>
    </failure>
  </testcase> <!-- employeesCountTest -->
</testsuite> <!-- BranchTeam -->
